builddir="`pwd`"; cd libcharset && make all && make install-lib libdir="$builddir/lib" includedir="$builddir/lib"
make[1]: Binnengaan van map `/cygdrive/k/gnu/libiconv/1.8/libiconv-1.8/libcharset'
cd lib && make all
make[2]: Binnengaan van map `/cygdrive/k/gnu/libiconv/1.8/libiconv-1.8/libcharset/lib'
make[2]: Niets te doen voor `all'.
make[2]: Weggaan uit map `/cygdrive/k/gnu/libiconv/1.8/libiconv-1.8/libcharset/lib'
make[1]: Weggaan uit map `/cygdrive/k/gnu/libiconv/1.8/libiconv-1.8/libcharset'
make[1]: Binnengaan van map `/cygdrive/k/gnu/libiconv/1.8/libiconv-1.8/libcharset'
cd lib && make all
make[2]: Binnengaan van map `/cygdrive/k/gnu/libiconv/1.8/libiconv-1.8/libcharset/lib'
make[2]: Niets te doen voor `all'.
make[2]: Weggaan uit map `/cygdrive/k/gnu/libiconv/1.8/libiconv-1.8/libcharset/lib'
cd lib && make install-lib libdir='/cygdrive/k/gnu/libiconv/1.8/libiconv-1.8/lib' includedir='/cygdrive/k/gnu/libiconv/1.8/libiconv-1.8/lib'
make[2]: Binnengaan van map `/cygdrive/k/gnu/libiconv/1.8/libiconv-1.8/libcharset/lib'
/bin/sh ./../autoconf/mkinstalldirs /cygdrive/k/gnu/libiconv/1.8/libiconv-1.8/lib
/bin/sh ../libtool --mode=install /bin/install.exe -cp libcharset.la /cygdrive/k/gnu/libiconv/1.8/libiconv-1.8/lib/libcharset.la
/bin/install.exe -cp .libs/libcharset.lai /cygdrive/k/gnu/libiconv/1.8/libiconv-1.8/lib/libcharset.la
/bin/install.exe -cp .libs/libcharset.dll.a /cygdrive/k/gnu/libiconv/1.8/libiconv-1.8/lib/libcharset.dll.a
ranlib /cygdrive/k/gnu/libiconv/1.8/libiconv-1.8/lib/libcharset.dll.a
chmod 644 /cygdrive/k/gnu/libiconv/1.8/libiconv-1.8/lib/libcharset.dll.a
test -f /cygdrive/k/gnu/libiconv/1.8/libiconv-1.8/lib/charset.alias && orig=/cygdrive/k/gnu/libiconv/1.8/libiconv-1.8/lib/charset.alias \
                                || orig=charset.alias; \
sed -f ref-add.sed $orig > /cygdrive/k/gnu/libiconv/1.8/libiconv-1.8/lib/t-charset.alias; \
/bin/install.exe -cp /cygdrive/k/gnu/libiconv/1.8/libiconv-1.8/lib/t-charset.alias /cygdrive/k/gnu/libiconv/1.8/libiconv-1.8/lib/charset.alias; \
rm -f /cygdrive/k/gnu/libiconv/1.8/libiconv-1.8/lib/t-charset.alias
make[2]: Weggaan uit map `/cygdrive/k/gnu/libiconv/1.8/libiconv-1.8/libcharset/lib'
/bin/sh ./autoconf/mkinstalldirs /cygdrive/k/gnu/libiconv/1.8/libiconv-1.8/lib
/bin/install.exe -cp include/libcharset.h /cygdrive/k/gnu/libiconv/1.8/libiconv-1.8/lib/libcharset.h
make[1]: Weggaan uit map `/cygdrive/k/gnu/libiconv/1.8/libiconv-1.8/libcharset'
cd lib && make all
make[1]: Binnengaan van map `/cygdrive/k/gnu/libiconv/1.8/libiconv-1.8/lib'
make[1]: Niets te doen voor `all'.
make[1]: Weggaan uit map `/cygdrive/k/gnu/libiconv/1.8/libiconv-1.8/lib'
cd src && make all
make[1]: Binnengaan van map `/cygdrive/k/gnu/libiconv/1.8/libiconv-1.8/src'
chmod 777 .
make[1]: Weggaan uit map `/cygdrive/k/gnu/libiconv/1.8/libiconv-1.8/src'
cd po && make all
make[1]: Binnengaan van map `/cygdrive/k/gnu/libiconv/1.8/libiconv-1.8/po'
make[1]: Niets te doen voor `all'.
make[1]: Weggaan uit map `/cygdrive/k/gnu/libiconv/1.8/libiconv-1.8/po'
cd man && make all
make[1]: Binnengaan van map `/cygdrive/k/gnu/libiconv/1.8/libiconv-1.8/man'
make[1]: Niets te doen voor `all'.
make[1]: Weggaan uit map `/cygdrive/k/gnu/libiconv/1.8/libiconv-1.8/man'
if test -d tests; then cd tests && make all; fi
make[1]: Binnengaan van map `/cygdrive/k/gnu/libiconv/1.8/libiconv-1.8/tests'
make[1]: Niets te doen voor `all'.
make[1]: Weggaan uit map `/cygdrive/k/gnu/libiconv/1.8/libiconv-1.8/tests'
cd libcharset && make check
make[1]: Binnengaan van map `/cygdrive/k/gnu/libiconv/1.8/libiconv-1.8/libcharset'
cd lib && make check
make[2]: Binnengaan van map `/cygdrive/k/gnu/libiconv/1.8/libiconv-1.8/libcharset/lib'
make[2]: Niets te doen voor `check'.
make[2]: Weggaan uit map `/cygdrive/k/gnu/libiconv/1.8/libiconv-1.8/libcharset/lib'
make[1]: Weggaan uit map `/cygdrive/k/gnu/libiconv/1.8/libiconv-1.8/libcharset'
cd lib && make check
make[1]: Binnengaan van map `/cygdrive/k/gnu/libiconv/1.8/libiconv-1.8/lib'
make[1]: Niets te doen voor `check'.
make[1]: Weggaan uit map `/cygdrive/k/gnu/libiconv/1.8/libiconv-1.8/lib'
cd src && make check
make[1]: Binnengaan van map `/cygdrive/k/gnu/libiconv/1.8/libiconv-1.8/src'
chmod 777 .
make[1]: Weggaan uit map `/cygdrive/k/gnu/libiconv/1.8/libiconv-1.8/src'
cd po && make check
make[1]: Binnengaan van map `/cygdrive/k/gnu/libiconv/1.8/libiconv-1.8/po'
make[1]: Niets te doen voor `check'.
make[1]: Weggaan uit map `/cygdrive/k/gnu/libiconv/1.8/libiconv-1.8/po'
cd man && make check
make[1]: Binnengaan van map `/cygdrive/k/gnu/libiconv/1.8/libiconv-1.8/man'
make[1]: Niets te doen voor `check'.
make[1]: Weggaan uit map `/cygdrive/k/gnu/libiconv/1.8/libiconv-1.8/man'
if test -d tests; then cd tests && make check; fi
make[1]: Binnengaan van map `/cygdrive/k/gnu/libiconv/1.8/libiconv-1.8/tests'
gcc -c -I. -I. -I../include -I./../include -I../lib -mms-bitfields -fms-extensions -fno-rtti -fno-exceptions -mcpu=i386 -march=i386  -O2    -Ic:/progra~1/LibIconv/include ./table-from.c
windres -i table-from.rc -o table-from-rc.o
/bin/sh ../libtool --mode=link gcc -Wl,-s -Wl,--enable-auto-import  table-from.o table-from-rc.o ../lib/libiconv.la -lstdbin -o table-from
mkdir .libs
chmod 777 .libs
gcc -Wl,-s -Wl,--enable-auto-import table-from.o table-from-rc.o -o table-from  ../lib/.libs/libiconv.dll.a -lstdbin
gcc -c -I. -I. -I../include -I./../include -I../lib -mms-bitfields -fms-extensions -fno-rtti -fno-exceptions -mcpu=i386 -march=i386  -O2    -Ic:/progra~1/LibIconv/include ./table-to.c
windres -i table-to.rc -o table-to-rc.o
/bin/sh ../libtool --mode=link gcc -Wl,-s -Wl,--enable-auto-import  table-to.o table-to-rc.o ../lib/libiconv.la -lstdbin -o table-to
gcc -Wl,-s -Wl,--enable-auto-import table-to.o table-to-rc.o -o table-to  ../lib/.libs/libiconv.dll.a -lstdbin
./check-stateless . ASCII
gcc -Wl,-s -Wl,--enable-auto-import  -mms-bitfields -fms-extensions -fno-rtti -fno-exceptions -mcpu=i386 -march=i386  -O2    -Ic:/progra~1/LibIconv/include ./genutf8.c -lstdbin -o genutf8 && \
./genutf8 > UTF-8.TXT && \
./check-stateless . UTF-8 && \
rm -f genutf8 UTF-8.TXT
./check-stateful . UCS-2BE
./check-stateful . UCS-2LE
./check-stateful . UCS-4BE
./check-stateful . UCS-4LE
./check-stateful . UTF-16
./check-stateful . UTF-16BE
./check-stateful . UTF-16LE
./check-stateful . UTF-32
./check-stateful . UTF-32BE
./check-stateful . UTF-32LE
./check-stateful . UTF-7
./check-stateless . ISO-8859-1
./check-stateless . ISO-8859-2
./check-stateless . ISO-8859-3
./check-stateless . ISO-8859-4
./check-stateless . ISO-8859-5
./check-stateless . ISO-8859-6
./check-stateless . ISO-8859-7
./check-stateless . ISO-8859-8
./check-stateless . ISO-8859-9
./check-stateless . ISO-8859-10
./check-stateless . ISO-8859-13
./check-stateless . ISO-8859-14
./check-stateless . ISO-8859-15
./check-stateless . ISO-8859-16
./check-stateless . KOI8-R
./check-stateless . KOI8-U
./check-stateless . KOI8-RU
./check-stateless . CP1250
./check-stateless . CP1251
./check-stateless . CP1252
./check-stateless . CP1253
./check-stateless . CP1254
./check-stateless . CP1255
./check-stateful . CP1255
./check-stateless . CP1256
./check-stateless . CP1257
./check-stateless . CP1258
./check-stateful . CP1258
./check-stateless . CP850
./check-stateless . CP862
./check-stateless . CP866
./check-stateless . MacRoman
./check-stateless . MacCentralEurope
./check-stateless . MacIceland
./check-stateless . MacCroatian
./check-stateless . MacRomania
./check-stateless . MacCyrillic
./check-stateless . MacUkraine
./check-stateless . MacGreek
./check-stateless . MacTurkish
./check-stateless . MacHebrew
./check-stateless . MacArabic
./check-stateless . MacThai
./check-stateless . HP-ROMAN8
./check-stateless . NEXTSTEP
./check-stateless . ARMSCII-8
./check-stateless . Georgian-Academy
./check-stateless . Georgian-PS
./check-stateless . KOI8-T
./check-stateless . MuleLao-1
./check-stateless . CP1133
./check-stateless . TIS-620
./check-stateless . CP874
./check-stateless . VISCII
./check-stateless . TCVN
./check-stateful . TCVN
./check-stateless . ISO646-JP
./check-stateless . JIS_X0201
./check-stateless . ISO646-CN
./check-stateless . ISO-IR-165
./check-stateless . EUC-JP
./check-stateless . SHIFT_JIS
./check-stateless . CP932
./check-stateful . ISO-2022-JP
./check-stateful . ISO-2022-JP-2
./check-stateful . ISO-2022-JP-1
./check-stateless . EUC-CN
./check-stateless . GBK
./check-stateless . GB18030
./check-stateful . ISO-2022-CN
./check-stateful . ISO-2022-CN-EXT
./check-stateful . HZ
./check-stateless . EUC-TW
./check-stateless . BIG5
./check-stateless . CP950
./check-stateless . BIG5-HKSCS
./check-stateless . EUC-KR
./check-stateless . CP949
./check-stateless . JOHAB
./check-stateful . ISO-2022-KR
make check-extra
make[2]: Binnengaan van map `/cygdrive/k/gnu/libiconv/1.8/libiconv-1.8/tests'
make[2]: Niets te doen voor `check-extra'.
make[2]: Weggaan uit map `/cygdrive/k/gnu/libiconv/1.8/libiconv-1.8/tests'
./check-translit . Quotes UTF-8 ISO-8859-1
./check-translit . Quotes UTF-8 ASCII
./check-translitfailure . TranslitFail1 ISO-8859-1 ASCII
make[1]: Weggaan uit map `/cygdrive/k/gnu/libiconv/1.8/libiconv-1.8/tests'
