This file contains any messages produced by compilers while
running configure, to aid debugging if configure makes a mistake.

It was created by configure, which was
generated by GNU Autoconf 2.52.  Invocation command line was

  $ ./configure --cache-file=/dev/null --srcdir=.

## ---------- ##
## Platform.  ##
## ---------- ##

hostname = betty
uname -m = i686
uname -r = 1.5.24(0.156/4/2)
uname -s = CYGWIN_NT-6.0
uname -v = 2007-01-31 10:57

/usr/bin/uname -p = unknown
/bin/uname -X     = unknown

/bin/arch              = i686
/usr/bin/arch -k       = i686
/usr/convex/getsysinfo = unknown
hostinfo               = unknown
/bin/machine           = unknown
/usr/bin/oslevel       = unknown
/bin/universe          = unknown

PATH = /cygdrive/c/GTK/bin:/usr/local/bin:/usr/bin:/bin:/usr/X11R6/bin:/cygdrive/c/GTK/bin:/cygdrive/c/Perl/bin:/cygdrive/c/Program Files/Microsoft DirectX SDK (February 2007)/Utilities/Bin/x86:/cygdrive/c/Windows/system32:/cygdrive/c/Windows:/cygdrive/c/Windows/System32/Wbem:/cygdrive/c/Program Files/QuickTime/QTSystem/:/cygdrive/c/Program Files/Microsoft SQL Server/90/Tools/binn/:/usr/lib/gstreamer-0.8

## ------------ ##
## Core tests.  ##
## ------------ ##

configure:1083: PATH=".;."; conftest.sh
./configure: line 1084: conftest.sh: command not found
configure:1086: $? = 127
configure:1122: checking whether make sets ${MAKE}
configure:1142: result: yes
configure:1194: checking for gcc
configure:1209: found /usr/bin/gcc
configure:1217: result: gcc
configure:1445: checking for C compiler version
configure:1448: gcc --version </dev/null >&5
gcc (GCC) 3.4.4 (cygming special, gdc 0.12, using dmd 0.125)
Copyright (C) 2004 Free Software Foundation, Inc.
This is free software; see the source for copying conditions.  There is NO
warranty; not even for MERCHANTABILITY or FITNESS FOR A PARTICULAR PURPOSE.

configure:1451: $? = 0
configure:1453: gcc -v </dev/null >&5
Reading specs from /usr/lib/gcc/i686-pc-cygwin/3.4.4/specs
Configured with: /usr/build/package/orig/test.respin/gcc-3.4.4-3/configure --verbose --prefix=/usr --exec-prefix=/usr --sysconfdir=/etc --libdir=/usr/lib --libexecdir=/usr/lib --mandir=/usr/share/man --infodir=/usr/share/info --enable-languages=c,ada,c++,d,f77,pascal,java,objc --enable-nls --without-included-gettext --enable-version-specific-runtime-libs --without-x --enable-libgcj --disable-java-awt --with-system-zlib --enable-interpreter --disable-libgcj-debug --enable-threads=posix --enable-java-gc=boehm --disable-win32-registry --enable-sjlj-exceptions --enable-hash-synchronization --enable-libstdcxx-debug
Thread model: posix
gcc version 3.4.4 (cygming special, gdc 0.12, using dmd 0.125)
configure:1456: $? = 0
configure:1458: gcc -V </dev/null >&5
gcc: `-V' option must have argument
configure:1461: $? = 1
configure:1481: checking for C compiler default output
configure:1484: gcc    conftest.c  >&5
configure:1487: $? = 0
configure:1516: result: a.exe
configure:1521: checking whether the C compiler works
configure:1527: ./a.exe
configure:1530: $? = 0
configure:1545: result: yes
configure:1552: checking whether we are cross compiling
configure:1554: result: no
configure:1557: checking for executable suffix
configure:1559: gcc -o conftest.exe    conftest.c  >&5
configure:1562: $? = 0
configure:1584: result: .exe
configure:1590: checking for object suffix
configure:1608: gcc -c   conftest.c >&5
configure:1611: $? = 0
configure:1630: result: o
configure:1634: checking whether we are using the GNU C compiler
configure:1655: gcc -c   conftest.c >&5
configure:1658: $? = 0
configure:1661: test -s conftest.o
configure:1664: $? = 0
configure:1676: result: yes
configure:1682: checking whether gcc accepts -g
configure:1700: gcc -c -g  conftest.c >&5
configure:1703: $? = 0
configure:1706: test -s conftest.o
configure:1709: $? = 0
configure:1719: result: yes
configure:1746: gcc -c -g -O2  conftest.c >&5
conftest.c:2: error: parse error before "me"
configure:1749: $? = 1
configure: failed program was:
#ifndef __cplusplus
  choke me
#endif
configure:1852: checking how to run the C preprocessor
configure:1878: gcc -E  conftest.c
configure:1884: $? = 0
configure:1911: gcc -E  conftest.c
configure:1908:28: ac_nonexistent.h: No such file or directory
configure:1917: $? = 1
configure: failed program was:
#line 1907 "configure"
#include "confdefs.h"
#include <ac_nonexistent.h>
configure:1954: result: gcc -E
configure:1969: gcc -E  conftest.c
configure:1975: $? = 0
configure:2002: gcc -E  conftest.c
configure:1999:28: ac_nonexistent.h: No such file or directory
configure:2008: $? = 1
configure: failed program was:
#line 1998 "configure"
#include "confdefs.h"
#include <ac_nonexistent.h>
configure:2048: checking whether gcc needs -traditional
configure:2056:19: sgtty.h: No such file or directory
configure:2083: result: no
configure:2102: checking for a BSD compatible install
configure:2151: result: /usr/bin/install -c
configure:2168: checking build system type
configure:2186: result: i686-pc-cygwin
configure:2193: checking host system type
configure:2207: result: i686-pc-cygwin
configure:2214: checking for AIX
configure:2233: result: no
configure:2238: checking for minix/config.h
configure:2248: gcc -E  conftest.c
configure:2245:26: minix/config.h: No such file or directory
configure:2254: $? = 1
configure: failed program was:
#line 2244 "configure"
#include "confdefs.h"
#include <minix/config.h>
configure:2273: result: no
configure:2297: checking for POSIXized ISC
configure:2316: result: no
configure:2408: checking for ld used by GCC
configure:2471: result: /usr/i686-pc-cygwin/bin/ld.exe
configure:2480: checking if the linker (/usr/i686-pc-cygwin/bin/ld.exe) is GNU ld
GNU ld version 2.17.50 20060817
configure:2492: result: yes
configure:2496: checking for /usr/i686-pc-cygwin/bin/ld.exe option to reload object files
configure:2503: result: -r
configure:2508: checking for BSD-compatible nm
configure:2544: result: /usr/bin/nm -B
configure:2547: checking whether ln -s works
configure:2551: result: yes
configure:2558: checking how to recognise dependant libraries
configure:2736: result: file_magic file format pei*-i386(.*architecture: i386)?
configure:2742: checking command to parse /usr/bin/nm -B output
configure:2823: gcc -c -g -O2  conftest.c >&5
configure:2826: $? = 0
configure:2830: /usr/bin/nm -B conftest.o \| sed -n -e 's/^.*[ 	]\([ABCDGISTW][ABCDGISTW]*\)[ 	][ 	]*\(\)\([_A-Za-z][_A-Za-z0-9]*\)$/\1 \2\3 \3/p' \> conftest.nm
configure:2833: $? = 0
cannot find nm_test_var in conftest.nm
configure:2823: gcc -c -g -O2  conftest.c >&5
configure:2826: $? = 0
configure:2830: /usr/bin/nm -B conftest.o \| sed -n -e 's/^.*[ 	]\([ABCDGISTW][ABCDGISTW]*\)[ 	][ 	]*\(_\)\([_A-Za-z][_A-Za-z0-9]*\)$/\1 \2\3 \3/p' \> conftest.nm
configure:2833: $? = 0
configure:2885: gcc -o conftest.exe -g -O2   conftest.c conftstm.o >&5
configure:2888: $? = 0
configure:2932: result: ok
configure:2939: checking for dlfcn.h
configure:2949: gcc -E  conftest.c
configure:2955: $? = 0
configure:2974: result: yes
configure:3161: checking for ranlib
configure:3176: found /usr/bin/ranlib
configure:3185: result: ranlib
configure:3235: checking for strip
configure:3250: found /usr/bin/strip
configure:3259: result: strip
configure:3461: checking for objdir
configure:3472: result: .libs
configure:3487: checking for gcc option to produce PIC
configure:3650: result: -DDLL_EXPORT
configure:3654: checking if gcc PIC flag -DDLL_EXPORT works
configure:3674: gcc -c -g -O2 -DDLL_EXPORT -DPIC  conftest.c >&5
configure:3677: $? = 0
configure:3680: test -s conftest.o
configure:3683: $? = 0
configure:3719: result: yes
configure:3735: checking if gcc static flag -static works
configure:3756: gcc -o conftest.exe -g -O2   -static conftest.c  >&5
configure:3759: $? = 0
configure:3762: test -s conftest.exe
configure:3765: $? = 0
configure:3779: result: yes
configure:3790: checking if gcc supports -c -o file.o
configure:3810: gcc -c -g -O2 -o out/conftest2.o  conftest.c >&5
configure:3834: result: yes
configure:3839: checking if gcc supports -c -o file.lo
configure:3863: gcc -c -g -O2 -c -o conftest.lo  conftest.c >&5
configure:3866: $? = 0
configure:3869: test -s conftest.lo
configure:3872: $? = 0
configure:3893: result: yes
configure:3924: checking if gcc supports -fno-rtti -fno-exceptions
configure:3943: gcc -c -g -O2 -fno-rtti -fno-exceptions -c conftest.c  conftest.c >&5
cc1: warning: command line option "-fno-rtti" is valid for C++/ObjC++ but not for C
cc1: warning: command line option "-fno-rtti" is valid for C++/ObjC++ but not for C
configure:3946: $? = 0
configure:3949: test -s conftest.o
configure:3952: $? = 0
configure:3968: result: yes
configure:3979: checking whether the linker (/usr/i686-pc-cygwin/bin/ld.exe) supports shared libraries
configure:4659: result: yes
configure:4664: checking how to hardcode library paths into programs
configure:4688: result: immediate
configure:4693: checking whether stripping libraries is possible
configure:4698: result: yes
configure:4709: checking dynamic linker characteristics
configure:5102: result: Win32 ld.exe
configure:5107: checking if libtool supports shared libraries
configure:5109: result: yes
configure:5112: checking whether to build shared libraries
configure:5133: result: yes
configure:5136: checking whether to build static libraries
configure:5140: result: yes
configure:6369: checking for langinfo.h
configure:6379: gcc -E  conftest.c
configure:6385: $? = 0
configure:6404: result: yes
configure:6417: checking for nl_langinfo
configure:6454: gcc -o conftest.exe -g -O2   conftest.c  >&5
configure:6457: $? = 0
configure:6460: test -s conftest.exe
configure:6463: $? = 0
configure:6473: result: yes
configure:6483: checking for nl_langinfo and CODESET
configure:6501: gcc -o conftest.exe -g -O2   conftest.c  >&5
configure:6504: $? = 0
configure:6507: test -s conftest.exe
configure:6510: $? = 0
configure:6521: result: yes
configure:6531: checking whether we are using the GNU C Library 2.1 or newer
configure:6557: result: no
configure:6565: checking for stddef.h
configure:6575: gcc -E  conftest.c
configure:6581: $? = 0
configure:6600: result: yes
configure:6565: checking for stdlib.h
configure:6575: gcc -E  conftest.c
configure:6581: $? = 0
configure:6600: result: yes
configure:6565: checking for string.h
configure:6575: gcc -E  conftest.c
configure:6581: $? = 0
configure:6600: result: yes
configure:6613: checking for setlocale
configure:6650: gcc -o conftest.exe -g -O2   conftest.c  >&5
configure:6653: $? = 0
configure:6656: test -s conftest.exe
configure:6659: $? = 0
configure:6669: result: yes
configure:6759: creating ./config.status

## ----------------------- ##
## Running config.status.  ##
## ----------------------- ##

This file was extended by config.status 2.52, executed with
  CONFIG_FILES    = 
  CONFIG_HEADERS  = 
  CONFIG_LINKS    = 
  CONFIG_COMMANDS = 
  > ./config.status 
on betty

config.status:7214: creating Makefile
config.status:7214: creating lib/Makefile
config.status:7306: creating config.h
config.status:7447: config.h is unchanged

## ----------------- ##
## Cache variables.  ##
## ----------------- ##

ac_cv_build=i686-pc-cygwin
ac_cv_build_alias=i686-pc-cygwin
ac_cv_c_compiler_gnu=yes
ac_cv_env_CC_set=
ac_cv_env_CC_value=
ac_cv_env_CFLAGS_set=
ac_cv_env_CFLAGS_value=
ac_cv_env_CPPFLAGS_set=
ac_cv_env_CPPFLAGS_value=
ac_cv_env_CPP_set=
ac_cv_env_CPP_value=
ac_cv_env_LDFLAGS_set=
ac_cv_env_LDFLAGS_value=
ac_cv_env_build_alias_set=
ac_cv_env_build_alias_value=
ac_cv_env_host_alias_set=
ac_cv_env_host_alias_value=
ac_cv_env_target_alias_set=
ac_cv_env_target_alias_value=
ac_cv_exeext=.exe
ac_cv_func_nl_langinfo=yes
ac_cv_func_setlocale=yes
ac_cv_gnu_library_2_1=no
ac_cv_header_dlfcn_h=yes
ac_cv_header_langinfo_h=yes
ac_cv_header_minix_config_h=no
ac_cv_header_stddef_h=yes
ac_cv_header_stdlib_h=yes
ac_cv_header_string_h=yes
ac_cv_host=i686-pc-cygwin
ac_cv_host_alias=i686-pc-cygwin
ac_cv_objext=o
ac_cv_path_install='/usr/bin/install -c'
ac_cv_prog_CPP='gcc -E'
ac_cv_prog_ac_ct_CC=gcc
ac_cv_prog_ac_ct_RANLIB=ranlib
ac_cv_prog_ac_ct_STRIP=strip
ac_cv_prog_cc_g=yes
ac_cv_prog_gcc_traditional=no
ac_cv_prog_make_make_set=yes
jm_cv_langinfo_codeset=yes
lt_cv_compiler_c_o=yes
lt_cv_compiler_o_lo=yes
lt_cv_deplibs_check_method='file_magic file format pei*-i386(.*architecture: i386)?'
lt_cv_file_magic_cmd='$OBJDUMP -f'
lt_cv_file_magic_test_file=
lt_cv_global_symbol_to_c_name_address='sed -n -e '\''s/^: \([^ ]*\) $/  {\"\1\", (lt_ptr) 0},/p'\'' -e '\''s/^[BCDEGRST] \([^ ]*\) \([^ ]*\)$/  {"\2", (lt_ptr) \&\2},/p'\'''
lt_cv_global_symbol_to_cdecl='sed -n -e '\''s/^. .* \(.*\)$/extern char \1;/p'\'''
lt_cv_ld_reload_flag=-r
lt_cv_path_LD=/usr/i686-pc-cygwin/bin/ld.exe
lt_cv_path_NM='/usr/bin/nm -B'
lt_cv_prog_cc_can_build_shared=yes
lt_cv_prog_cc_no_builtin=
lt_cv_prog_cc_pic=' -DDLL_EXPORT'
lt_cv_prog_cc_pic_works=yes
lt_cv_prog_cc_shlib=
lt_cv_prog_cc_static=-static
lt_cv_prog_cc_static_works=yes
lt_cv_prog_cc_wl=-Wl,
lt_cv_prog_gnu_ld=yes
lt_cv_sys_global_symbol_pipe='sed -n -e '\''s/^.*[ 	]\([ABCDGISTW][ABCDGISTW]*\)[ 	][ 	]*\(_\)\([_A-Za-z][_A-Za-z0-9]*\)$/\1 \2\3 \3/p'\'''
lt_cv_sys_path_separator=:

## ------------ ##
## confdefs.h.  ##
## ------------ ##

#define HAVE_DLFCN_H 1
#define HAVE_LANGINFO_H 1
#define HAVE_NL_LANGINFO 1
#define HAVE_LANGINFO_CODESET 1
#define HAVE_STDDEF_H 1
#define HAVE_STDLIB_H 1
#define HAVE_STRING_H 1
#define HAVE_SETLOCALE 1


configure: exit 0
